  AudioManager.cpp
  BeatHandeler.cpp
  Button.cpp
  CutSceneState.cpp
  DemoGame.cpp
  EnemigoBaile.cpp
  Font.cpp
  FontsManager.cpp
  GameObject.cpp
c:\users\usuario_local\documents\github\despacito-2\proyecto\holasdl\gameobject.cpp(91): warning C4244: '=': conversion from 'double' to 'int', possible loss of data
c:\users\usuario_local\documents\github\despacito-2\proyecto\holasdl\gameobject.cpp(92): warning C4244: '=': conversion from 'double' to 'int', possible loss of data
c:\users\usuario_local\documents\github\despacito-2\proyecto\holasdl\gameobject.cpp(93): warning C4244: '=': conversion from 'double' to 'int', possible loss of data
c:\users\usuario_local\documents\github\despacito-2\proyecto\holasdl\gameobject.cpp(94): warning C4244: '=': conversion from 'double' to 'int', possible loss of data
  GameState.cpp
  GameStateMachine.cpp
c:\users\usuario_local\documents\github\despacito-2\proyecto\holasdl\gamestatemachine.h(8): error C2143: syntax error: missing ';' before '<'
c:\users\usuario_local\documents\github\despacito-2\proyecto\holasdl\gamestatemachine.h(8): error C4430: missing type specifier - int assumed. Note: C++ does not support default-int
c:\users\usuario_local\documents\github\despacito-2\proyecto\holasdl\gamestatemachine.h(8): error C2238: unexpected token(s) preceding ';'
  main.cpp
  Flechas.cpp
  MapState.cpp
  MenuState.cpp
  MusicTimer.cpp
  Perico.cpp
  PlayState.cpp
  Pulsador.cpp
  Puntuacion.cpp
  Generating Code...
  Compiling...
  QuickTimeEvents.cpp
  RandomNumberGenerator.cpp
  Resources.cpp
  SDLAudioManager.cpp
  SDLFontsManager.cpp
  SDLGame.cpp
  SDLTexturesManager.cpp
  ServiceLocator.cpp
  SRandBasedGenerator.cpp
c:\users\usuario_local\documents\github\despacito-2\proyecto\holasdl\srandbasedgenerator.cpp(10): warning C4244: 'argument': conversion from 'time_t' to 'unsigned int', possible loss of data
  Texture.cpp
  TexturesManager.cpp
  Timer.cpp
  Vector2D.cpp
  Generating Code...
