c:\hlocal\tpv\proyectossdl\holasdl\debug\vc141.pdb
c:\hlocal\tpv\proyectossdl\holasdl\debug\vc141.idb
c:\hlocal\tpv\proyectossdl\holasdl\debug\randomnumbergenerator.obj
c:\hlocal\tpv\proyectossdl\holasdl\debug\audiomanager.obj
c:\hlocal\tpv\proyectossdl\holasdl\debug\vector2d.obj
c:\hlocal\tpv\proyectossdl\holasdl\debug\srandbasedgenerator.obj
c:\hlocal\tpv\proyectossdl\holasdl\debug\servicelocator.obj
c:\hlocal\tpv\proyectossdl\holasdl\debug\sdltexturesmanager.obj
c:\hlocal\tpv\proyectossdl\holasdl\debug\sdlgame.obj
c:\hlocal\tpv\proyectossdl\holasdl\debug\sdlfontsmanager.obj
c:\hlocal\tpv\proyectossdl\holasdl\debug\sdlaudiomanager.obj
c:\hlocal\tpv\proyectossdl\holasdl\debug\resources.obj
c:\hlocal\tpv\proyectossdl\holasdl\debug\main.obj
c:\hlocal\tpv\proyectossdl\holasdl\debug\gameobject.obj
c:\hlocal\tpv\proyectossdl\holasdl\debug\fontsmanager.obj
c:\hlocal\tpv\proyectossdl\holasdl\debug\font.obj
c:\hlocal\tpv\proyectossdl\holasdl\debug\fighter.obj
c:\hlocal\tpv\proyectossdl\holasdl\debug\eggsshooter.obj
c:\hlocal\tpv\proyectossdl\holasdl\debug\egg.obj
c:\hlocal\tpv\proyectossdl\holasdl\debug\demogame.obj
c:\hlocal\tpv\proyectossdl\holasdl\debug\collisions.obj
c:\hlocal\tpv\proyectossdl\holasdl\debug\bulletsshooter.obj
c:\hlocal\tpv\proyectossdl\holasdl\debug\bullet.obj
c:\hlocal\tpv\proyectossdl\holasdl\debug\bird.obj
c:\hlocal\tpv\proyectossdl\holasdl\debug\texturesmanager.obj
c:\hlocal\tpv\proyectossdl\holasdl\debug\texture.obj
c:\hlocal\tpv\proyectossdl\bin\holasdldebug.lib
c:\hlocal\tpv\proyectossdl\bin\holasdldebug.exp
c:\hlocal\tpv\proyectossdl\bin\holasdldebug.exe
c:\hlocal\tpv\proyectossdl\bin\holasdldebug.ilk
c:\hlocal\tpv\proyectossdl\bin\holasdldebug.pdb
c:\hlocal\tpv\proyectossdl\holasdl\debug\holasdl.tlog\cl.command.1.tlog
c:\hlocal\tpv\proyectossdl\holasdl\debug\holasdl.tlog\cl.read.1.tlog
c:\hlocal\tpv\proyectossdl\holasdl\debug\holasdl.tlog\cl.write.1.tlog
c:\hlocal\tpv\proyectossdl\holasdl\debug\holasdl.tlog\holasdl.write.1u.tlog
c:\hlocal\tpv\proyectossdl\holasdl\debug\holasdl.tlog\link.command.1.tlog
c:\hlocal\tpv\proyectossdl\holasdl\debug\holasdl.tlog\link.read.1.tlog
c:\hlocal\tpv\proyectossdl\holasdl\debug\holasdl.tlog\link.write.1.tlog
