c:\hlocal\proyectossdl\holasdl\release\vc120.pdb
c:\hlocal\proyectossdl\holasdl\release\vector2d.obj
c:\hlocal\proyectossdl\holasdl\release\texture.obj
c:\hlocal\proyectossdl\holasdl\release\soundeffect.obj
c:\hlocal\proyectossdl\holasdl\release\sdlgame.obj
c:\hlocal\proyectossdl\holasdl\release\resources.obj
c:\hlocal\proyectossdl\holasdl\release\paddlewithtransrect.obj
c:\hlocal\proyectossdl\holasdl\release\paddlewithmousewithtransrect.obj
c:\hlocal\proyectossdl\holasdl\release\paddlewithmouse.obj
c:\hlocal\proyectossdl\holasdl\release\paddlewithaiwithtransrect.obj
c:\hlocal\proyectossdl\holasdl\release\paddlewithai.obj
c:\hlocal\proyectossdl\holasdl\release\paddle.obj
c:\hlocal\proyectossdl\holasdl\release\music.obj
c:\hlocal\proyectossdl\holasdl\release\main.obj
c:\hlocal\proyectossdl\holasdl\release\gameobject.obj
c:\hlocal\proyectossdl\holasdl\release\font.obj
c:\hlocal\proyectossdl\holasdl\release\examplegame.obj
c:\hlocal\proyectossdl\holasdl\release\demoactor.obj
c:\hlocal\proyectossdl\holasdl\release\collisions.obj
c:\hlocal\proyectossdl\holasdl\release\ball.obj
c:\hlocal\proyectossdl\bin\holasdlrelease.lib
c:\hlocal\proyectossdl\bin\holasdlrelease.exp
c:\hlocal\proyectossdl\bin\holasdlrelease.exe
c:\hlocal\proyectossdl\bin\holasdlrelease.pdb
c:\hlocal\proyectossdl\holasdl\release\holasdl.tlog\cl.command.1.tlog
c:\hlocal\proyectossdl\holasdl\release\holasdl.tlog\cl.read.1.tlog
c:\hlocal\proyectossdl\holasdl\release\holasdl.tlog\cl.write.1.tlog
c:\hlocal\proyectossdl\holasdl\release\holasdl.tlog\holasdl.write.1u.tlog
c:\hlocal\proyectossdl\holasdl\release\holasdl.tlog\link.command.1.tlog
c:\hlocal\proyectossdl\holasdl\release\holasdl.tlog\link.read.1.tlog
c:\hlocal\proyectossdl\holasdl\release\holasdl.tlog\link.write.1.tlog
